{"name": "test_35_detail_data", "status": "broken", "statusDetails": {"message": "selenium.common.exceptions.NoSuchWindowException: Message: no such window: target window already closed\nfrom unknown error: web view not found\n  (Session info: chrome=140.0.7339.133)\nStacktrace:\n0   chromedriver                        0x0000000102eb3674 cxxbridge1$str$ptr + 2882776\n1   chromedriver                        0x0000000102eab5a0 cxxbridge1$str$ptr + 2849796\n2   chromedriver                        0x00000001029d50dc _RNvCslE4myv9Sbr3_7___rustc35___rust_no_alloc_shim_is_unstable_v2 + 73436\n3   chromedriver                        0x00000001029af0a4 chromedriver + 143524\n4   chromedriver                        0x0000000102a44504 _RNvCslE4myv9Sbr3_7___rustc35___rust_no_alloc_shim_is_unstable_v2 + 529156\n5   chromedriver                        0x0000000102a5d1cc _RNvCslE4myv9Sbr3_7___rustc35___rust_no_alloc_shim_is_unstable_v2 + 630732\n6   chromedriver                        0x0000000102a10130 _RNvCslE4myv9Sbr3_7___rustc35___rust_no_alloc_shim_is_unstable_v2 + 315184\n7   chromedriver                        0x0000000102e77ba4 cxxbridge1$str$ptr + 2638344\n8   chromedriver                        0x0000000102e7adbc cxxbridge1$str$ptr + 2651168\n9   chromedriver                        0x0000000102e58640 cxxbridge1$str$ptr + 2509988\n10  chromedriver                        0x0000000102e7b668 cxxbridge1$str$ptr + 2653388\n11  chromedriver                        0x0000000102e49ddc cxxbridge1$str$ptr + 2450496\n12  chromedriver                        0x0000000102e9aef0 cxxbridge1$str$ptr + 2782548\n13  chromedriver                        0x0000000102e9b070 cxxbridge1$str$ptr + 2782932\n14  chromedriver                        0x0000000102eab1ec cxxbridge1$str$ptr + 2848848\n15  libsystem_pthread.dylib             0x000000018f6ffc0c _pthread_start + 136\n16  libsystem_pthread.dylib             0x000000018f6fab80 thread_start + 8", "trace": "self = <WEB.testcase.test_web_arrival.TestWebArrival object at 0x106644280>, web_driver = <selenium.webdriver.chrome.webdriver.WebDriver (session=\"6c928fb64dcc5ea2d8c165cf22a48181\")>\n\n    @allure.story(\"web_arrival_trunk_detail\")\n    def test_35_detail_data(self, web_driver):\n        arrival_page = WebArrivalPage(web_driver)\n>       arrival_page.input_org_id(\"流山\")\n\nWEB/testcase/test_web_arrival.py:406: \n_ _ _ _ _ _ _ _ _ _ _ _ _ _ _ _ _ _ _ _ _ _ _ _ _ _ _ _ _ _ _ _ _ _ _ _ _ _ _ _ _ _ _ _ _ _ _ _ _ _ _ _ _ _ _ _ _ _ _ _ _ _ _ _ _ _ _ _ _ _ _ _ _ _ _ _ _ _ _ _ _ _ _ _ _ _ _ _ _ _ _ _ _ _ _ _ _ _ _ _ _ _ _ _ _ _ _ _ _ _ _\nWEB/page/web_arrival_page.py:22: in input_org_id\n    self.wait_page_load_complete()\nWEB/base/basepage.py:297: in wait_page_load_complete\n    self.wait.until(EC.presence_of_element_located((By.TAG_NAME,\"body\")))\n/Library/Frameworks/Python.framework/Versions/3.13/lib/python3.13/site-packages/selenium/webdriver/support/wait.py:129: in until\n    value = method(self._driver)\n/Library/Frameworks/Python.framework/Versions/3.13/lib/python3.13/site-packages/selenium/webdriver/support/expected_conditions.py:104: in _predicate\n    return driver.find_element(*locator)\n/Library/Frameworks/Python.framework/Versions/3.13/lib/python3.13/site-packages/selenium/webdriver/remote/webdriver.py:914: in find_element\n    return self.execute(Command.FIND_ELEMENT, {\"using\": by, \"value\": value})[\"value\"]\n/Library/Frameworks/Python.framework/Versions/3.13/lib/python3.13/site-packages/selenium/webdriver/remote/webdriver.py:447: in execute\n    self.error_handler.check_response(response)\n_ _ _ _ _ _ _ _ _ _ _ _ _ _ _ _ _ _ _ _ _ _ _ _ _ _ _ _ _ _ _ _ _ _ _ _ _ _ _ _ _ _ _ _ _ _ _ _ _ _ _ _ _ _ _ _ _ _ _ _ _ _ _ _ _ _ _ _ _ _ _ _ _ _ _ _ _ _ _ _ _ _ _ _ _ _ _ _ _ _ _ _ _ _ _ _ _ _ _ _ _ _ _ _ _ _ _ _ _ _ _\n\nself = <selenium.webdriver.remote.errorhandler.ErrorHandler object at 0x106754830>\nresponse = {'status': 404, 'value': '{\"value\":{\"error\":\"no such window\",\"message\":\"no such window: target window already closed\\\\...00018f6ffc0c _pthread_start + 136\\\\n16  libsystem_pthread.dylib             0x000000018f6fab80 thread_start + 8\\\\n\"}}'}\n\n    def check_response(self, response: Dict[str, Any]) -> None:\n        \"\"\"Checks that a JSON response from the WebDriver does not have an\n        error.\n    \n        :Args:\n         - response - The JSON response from the WebDriver server as a dictionary\n           object.\n    \n        :Raises: If the response contains an error message.\n        \"\"\"\n        status = response.get(\"status\", None)\n        if not status or status == ErrorCode.SUCCESS:\n            return\n        value = None\n        message = response.get(\"message\", \"\")\n        screen: str = response.get(\"screen\", \"\")\n        stacktrace = None\n        if isinstance(status, int):\n            value_json = response.get(\"value\", None)\n            if value_json and isinstance(value_json, str):\n                import json\n    \n                try:\n                    value = json.loads(value_json)\n                    if len(value) == 1:\n                        value = value[\"value\"]\n                    status = value.get(\"error\", None)\n                    if not status:\n                        status = value.get(\"status\", ErrorCode.UNKNOWN_ERROR)\n                        message = value.get(\"value\") or value.get(\"message\")\n                        if not isinstance(message, str):\n                            value = message\n                            message = message.get(\"message\")\n                    else:\n                        message = value.get(\"message\", None)\n                except ValueError:\n                    pass\n    \n        exception_class: Type[WebDriverException]\n        e = ErrorCode()\n        error_codes = [item for item in dir(e) if not item.startswith(\"__\")]\n        for error_code in error_codes:\n            error_info = getattr(ErrorCode, error_code)\n            if isinstance(error_info, list) and status in error_info:\n                exception_class = getattr(ExceptionMapping, error_code, WebDriverException)\n                break\n        else:\n            exception_class = WebDriverException\n    \n        if not value:\n            value = response[\"value\"]\n        if isinstance(value, str):\n            raise exception_class(value)\n        if message == \"\" and \"message\" in value:\n            message = value[\"message\"]\n    \n        screen = None  # type: ignore[assignment]\n        if \"screen\" in value:\n            screen = value[\"screen\"]\n    \n        stacktrace = None\n        st_value = value.get(\"stackTrace\") or value.get(\"stacktrace\")\n        if st_value:\n            if isinstance(st_value, str):\n                stacktrace = st_value.split(\"\\n\")\n            else:\n                stacktrace = []\n                try:\n                    for frame in st_value:\n                        line = frame.get(\"lineNumber\", \"\")\n                        file = frame.get(\"fileName\", \"<anonymous>\")\n                        if line:\n                            file = f\"{file}:{line}\"\n                        meth = frame.get(\"methodName\", \"<anonymous>\")\n                        if \"className\" in frame:\n                            meth = f\"{frame['className']}.{meth}\"\n                        msg = \"    at %s (%s)\"\n                        msg = msg % (meth, file)\n                        stacktrace.append(msg)\n                except TypeError:\n                    pass\n        if exception_class == UnexpectedAlertPresentException:\n            alert_text = None\n            if \"data\" in value:\n                alert_text = value[\"data\"].get(\"text\")\n            elif \"alert\" in value:\n                alert_text = value[\"alert\"].get(\"text\")\n            raise exception_class(message, screen, stacktrace, alert_text)  # type: ignore[call-arg]  # mypy is not smart enough here\n>       raise exception_class(message, screen, stacktrace)\nE       selenium.common.exceptions.NoSuchWindowException: Message: no such window: target window already closed\nE       from unknown error: web view not found\nE         (Session info: chrome=140.0.7339.133)\nE       Stacktrace:\nE       0   chromedriver                        0x0000000102eb3674 cxxbridge1$str$ptr + 2882776\nE       1   chromedriver                        0x0000000102eab5a0 cxxbridge1$str$ptr + 2849796\nE       2   chromedriver                        0x00000001029d50dc _RNvCslE4myv9Sbr3_7___rustc35___rust_no_alloc_shim_is_unstable_v2 + 73436\nE       3   chromedriver                        0x00000001029af0a4 chromedriver + 143524\nE       4   chromedriver                        0x0000000102a44504 _RNvCslE4myv9Sbr3_7___rustc35___rust_no_alloc_shim_is_unstable_v2 + 529156\nE       5   chromedriver                        0x0000000102a5d1cc _RNvCslE4myv9Sbr3_7___rustc35___rust_no_alloc_shim_is_unstable_v2 + 630732\nE       6   chromedriver                        0x0000000102a10130 _RNvCslE4myv9Sbr3_7___rustc35___rust_no_alloc_shim_is_unstable_v2 + 315184\nE       7   chromedriver                        0x0000000102e77ba4 cxxbridge1$str$ptr + 2638344\nE       8   chromedriver                        0x0000000102e7adbc cxxbridge1$str$ptr + 2651168\nE       9   chromedriver                        0x0000000102e58640 cxxbridge1$str$ptr + 2509988\nE       10  chromedriver                        0x0000000102e7b668 cxxbridge1$str$ptr + 2653388\nE       11  chromedriver                        0x0000000102e49ddc cxxbridge1$str$ptr + 2450496\nE       12  chromedriver                        0x0000000102e9aef0 cxxbridge1$str$ptr + 2782548\nE       13  chromedriver                        0x0000000102e9b070 cxxbridge1$str$ptr + 2782932\nE       14  chromedriver                        0x0000000102eab1ec cxxbridge1$str$ptr + 2848848\nE       15  libsystem_pthread.dylib             0x000000018f6ffc0c _pthread_start + 136\nE       16  libsystem_pthread.dylib             0x000000018f6fab80 thread_start + 8\n\n/Library/Frameworks/Python.framework/Versions/3.13/lib/python3.13/site-packages/selenium/webdriver/remote/errorhandler.py:232: NoSuchWindowException"}, "attachments": [{"name": "log", "source": "a93bdcdd-c3de-424d-8e13-2285910a66aa-attachment.txt", "type": "text/plain"}], "start": 1757988041484, "stop": 1757988041486, "uuid": "88700210-5673-48f4-9b60-21fc828a3ced", "historyId": "e779ba15170d84cbd4e096d07434ff9b", "testCaseId": "e779ba15170d84cbd4e096d07434ff9b", "fullName": "WEB.testcase.test_web_arrival.TestWebArrival#test_35_detail_data", "labels": [{"name": "story", "value": "web_arrival_trunk_detail"}, {"name": "feature", "value": "web_arrival"}, {"name": "tag", "value": "web_arrival"}, {"name": "tag", "value": "web"}, {"name": "parentSuite", "value": "WEB.testcase"}, {"name": "suite", "value": "test_web_arrival"}, {"name": "subSuite", "value": "TestWebArrival"}, {"name": "host", "value": "CN-GFHKQMMVFG"}, {"name": "thread", "value": "54147-MainThread"}, {"name": "framework", "value": "pytest"}, {"name": "language", "value": "cpython3"}, {"name": "package", "value": "WEB.testcase.test_web_arrival"}]}