{"uid":"41868ea1e39c400","name":"test_27_cancel_shuttle_regular_past_date","fullName":"WEB.testcase.test_web_arrival.TestWebArrival#test_27_cancel_shuttle_regular_past_date","historyId":"2efc1c5f1c982918bb0956b73b3b7bd2","time":{"start":1757984945203,"stop":1757984960129,"duration":14926},"status":"broken","statusMessage":"selenium.common.exceptions.NoSuchElementException: Message: no such element: Unable to locate element: {\"method\":\"xpath\",\"selector\":\"//button[@data-testid='confirm-dialog-button-yes']\"}\n  (Session info: chrome=140.0.7339.133); For documentation on this error, please visit: https://www.selenium.dev/documentation/webdriver/troubleshooting/errors#no-such-element-exception\nStacktrace:\n0   chromedriver                        0x0000000100b27674 cxxbridge1$str$ptr + 2882776\n1   chromedriver                        0x0000000100b1f5a0 cxxbridge1$str$ptr + 2849796\n2   chromedriver                        0x00000001006490dc _RNvCslE4myv9Sbr3_7___rustc35___rust_no_alloc_shim_is_unstable_v2 + 73436\n3   chromedriver                        0x0000000100690474 _RNvCslE4myv9Sbr3_7___rustc35___rust_no_alloc_shim_is_unstable_v2 + 365172\n4   chromedriver                        0x00000001006d166c _RNvCslE4myv9Sbr3_7___rustc35___rust_no_alloc_shim_is_unstable_v2 + 631916\n5   chromedriver                        0x0000000100684130 _RNvCslE4myv9Sbr3_7___rustc35___rust_no_alloc_shim_is_unstable_v2 + 315184\n6   chromedriver                        0x0000000100aebba4 cxxbridge1$str$ptr + 2638344\n7   chromedriver                        0x0000000100aeedbc cxxbridge1$str$ptr + 2651168\n8   chromedriver                        0x0000000100acc640 cxxbridge1$str$ptr + 2509988\n9   chromedriver                        0x0000000100aef668 cxxbridge1$str$ptr + 2653388\n10  chromedriver                        0x0000000100abdddc cxxbridge1$str$ptr + 2450496\n11  chromedriver                        0x0000000100b0eef0 cxxbridge1$str$ptr + 2782548\n12  chromedriver                        0x0000000100b0f070 cxxbridge1$str$ptr + 2782932\n13  chromedriver                        0x0000000100b1f1ec cxxbridge1$str$ptr + 2848848\n14  libsystem_pthread.dylib             0x000000018f6ffc0c _pthread_start + 136\n15  libsystem_pthread.dylib             0x000000018f6fab80 thread_start + 8","statusTrace":"self = <WEB.page.web_arrival_page.WebArrivalPage object at 0x10600d010>, locator = ('xpath', \"//button[@data-testid='confirm-dialog-button-yes']\"), dynamic_value = None, wait_loading = True\n\n    def click(self, locator, dynamic_value=None,wait_loading=True):\n        key, value = self.handle_locator(locator, dynamic_value)\n        try:\n>           element = WebDriverWait(self.driver, 5, self.poll_frequency).until(\n                EC.presence_of_element_located((LOCATE_MODE_WEB[key], value)))\n\nWEB/base/basepage.py:77: \n_ _ _ _ _ _ _ _ _ _ _ _ _ _ _ _ _ _ _ _ _ _ _ _ _ _ _ _ _ _ _ _ _ _ _ _ _ _ _ _ _ _ _ _ _ _ _ _ _ _ _ _ _ _ _ _ _ _ _ _ _ _ _ _ _ _ _ _ _ _ _ _ _ _ _ _ _ _ _ _ _ _ _ _ _ _ _ _ _ _ _ _ _ _ _ _ _ _ _ _ _ _ _ _ _ _ _ _ _ _ _\n\nself = <selenium.webdriver.support.wait.WebDriverWait (session=\"b2bf42c9236d3c2ce998fbce5fee2548\")>, method = <function presence_of_element_located.<locals>._predicate at 0x1060f5f80>, message = ''\n\n    def until(self, method: Callable[[D], Union[Literal[False], T]], message: str = \"\") -> T:\n        \"\"\"Wait until the method returns a value that is not False.\n    \n        Calls the method provided with the driver as an argument until the\n        return value does not evaluate to ``False``.\n    \n        Parameters:\n        -----------\n        method: callable(WebDriver)\n            - A callable object that takes a WebDriver instance as an argument.\n    \n        message: str\n            - Optional message for :exc:`TimeoutException`\n    \n        Return:\n        -------\n        object: T\n            - The result of the last call to `method`\n    \n        Raises:\n        -------\n        TimeoutException\n            - If 'method' does not return a truthy value within the WebDriverWait\n            object's timeout\n    \n        Example:\n        --------\n        >>> from selenium.webdriver.common.by import By\n        >>> from selenium.webdriver.support.ui import WebDriverWait\n        >>> from selenium.webdriver.support import expected_conditions as EC\n    \n        # Wait until an element is visible on the page\n        >>> wait = WebDriverWait(driver, 10)\n        >>> element = wait.until(EC.visibility_of_element_located((By.ID, \"exampleId\")))\n        >>> print(element.text)\n        \"\"\"\n        screen = None\n        stacktrace = None\n    \n        end_time = time.monotonic() + self._timeout\n        while True:\n            try:\n                value = method(self._driver)\n                if value:\n                    return value\n            except self._ignored_exceptions as exc:\n                screen = getattr(exc, \"screen\", None)\n                stacktrace = getattr(exc, \"stacktrace\", None)\n            if time.monotonic() > end_time:\n                break\n            time.sleep(self._poll)\n>       raise TimeoutException(message, screen, stacktrace)\nE       selenium.common.exceptions.TimeoutException: Message: \nE       Stacktrace:\nE       0   chromedriver                        0x0000000100b27674 cxxbridge1$str$ptr + 2882776\nE       1   chromedriver                        0x0000000100b1f5a0 cxxbridge1$str$ptr + 2849796\nE       2   chromedriver                        0x00000001006490dc _RNvCslE4myv9Sbr3_7___rustc35___rust_no_alloc_shim_is_unstable_v2 + 73436\nE       3   chromedriver                        0x0000000100690474 _RNvCslE4myv9Sbr3_7___rustc35___rust_no_alloc_shim_is_unstable_v2 + 365172\nE       4   chromedriver                        0x00000001006d166c _RNvCslE4myv9Sbr3_7___rustc35___rust_no_alloc_shim_is_unstable_v2 + 631916\nE       5   chromedriver                        0x0000000100684130 _RNvCslE4myv9Sbr3_7___rustc35___rust_no_alloc_shim_is_unstable_v2 + 315184\nE       6   chromedriver                        0x0000000100aebba4 cxxbridge1$str$ptr + 2638344\nE       7   chromedriver                        0x0000000100aeedbc cxxbridge1$str$ptr + 2651168\nE       8   chromedriver                        0x0000000100acc640 cxxbridge1$str$ptr + 2509988\nE       9   chromedriver                        0x0000000100aef668 cxxbridge1$str$ptr + 2653388\nE       10  chromedriver                        0x0000000100abdddc cxxbridge1$str$ptr + 2450496\nE       11  chromedriver                        0x0000000100b0eef0 cxxbridge1$str$ptr + 2782548\nE       12  chromedriver                        0x0000000100b0f070 cxxbridge1$str$ptr + 2782932\nE       13  chromedriver                        0x0000000100b1f1ec cxxbridge1$str$ptr + 2848848\nE       14  libsystem_pthread.dylib             0x000000018f6ffc0c _pthread_start + 136\nE       15  libsystem_pthread.dylib             0x000000018f6fab80 thread_start + 8\n\n/Library/Frameworks/Python.framework/Versions/3.13/lib/python3.13/site-packages/selenium/webdriver/support/wait.py:138: TimeoutException\n\nDuring handling of the above exception, another exception occurred:\n\nself = <WEB.testcase.test_web_arrival.TestWebArrival object at 0x105cb8c50>, web_driver = <selenium.webdriver.chrome.webdriver.WebDriver (session=\"b2bf42c9236d3c2ce998fbce5fee2548\")>\n\n    @allure.story(\"web_arrival_cancel_trunk_line\")\n    def test_27_cancel_shuttle_regular_past_date(self, web_driver):\n        arrival_page = WebArrivalPage(web_driver)\n        arrival_page.input_org_id(\"流山\")\n        arrival_page.input_op_date(arrival_page.get_date_with_offset(offset=-1))\n        trunkname = 'at@can_sr'\n        arrival_page.input_trunk_name(trunkname)\n        arrival_page.click_search()\n        trunk_id = DataConstruction.get_trunk_id_by_name(trunkname)\n>       arrival_page.cancel_trunk(trunk_id=trunk_id)\n\nWEB/testcase/test_web_arrival.py:316: \n_ _ _ _ _ _ _ _ _ _ _ _ _ _ _ _ _ _ _ _ _ _ _ _ _ _ _ _ _ _ _ _ _ _ _ _ _ _ _ _ _ _ _ _ _ _ _ _ _ _ _ _ _ _ _ _ _ _ _ _ _ _ _ _ _ _ _ _ _ _ _ _ _ _ _ _ _ _ _ _ _ _ _ _ _ _ _ _ _ _ _ _ _ _ _ _ _ _ _ _ _ _ _ _ _ _ _ _ _ _ _\nWEB/page/web_arrival_page.py:172: in cancel_trunk\n    self.handle_cancel_popup(Yes=True)\nWEB/page/web_arrival_page.py:176: in handle_cancel_popup\n    self.click(search['YesButtonInAlert'],None)\nWEB/base/basepage.py:83: in click\n    self.driver.find_element(LOCATE_MODE_WEB[key], value))\n/Library/Frameworks/Python.framework/Versions/3.13/lib/python3.13/site-packages/selenium/webdriver/remote/webdriver.py:914: in find_element\n    return self.execute(Command.FIND_ELEMENT, {\"using\": by, \"value\": value})[\"value\"]\n/Library/Frameworks/Python.framework/Versions/3.13/lib/python3.13/site-packages/selenium/webdriver/remote/webdriver.py:447: in execute\n    self.error_handler.check_response(response)\n_ _ _ _ _ _ _ _ _ _ _ _ _ _ _ _ _ _ _ _ _ _ _ _ _ _ _ _ _ _ _ _ _ _ _ _ _ _ _ _ _ _ _ _ _ _ _ _ _ _ _ _ _ _ _ _ _ _ _ _ _ _ _ _ _ _ _ _ _ _ _ _ _ _ _ _ _ _ _ _ _ _ _ _ _ _ _ _ _ _ _ _ _ _ _ _ _ _ _ _ _ _ _ _ _ _ _ _ _ _ _\n\nself = <selenium.webdriver.remote.errorhandler.ErrorHandler object at 0x105fb4830>\nresponse = {'status': 404, 'value': '{\"value\":{\"error\":\"no such element\",\"message\":\"no such element: Unable to locate element: {\\...00018f6ffc0c _pthread_start + 136\\\\n15  libsystem_pthread.dylib             0x000000018f6fab80 thread_start + 8\\\\n\"}}'}\n\n    def check_response(self, response: Dict[str, Any]) -> None:\n        \"\"\"Checks that a JSON response from the WebDriver does not have an\n        error.\n    \n        :Args:\n         - response - The JSON response from the WebDriver server as a dictionary\n           object.\n    \n        :Raises: If the response contains an error message.\n        \"\"\"\n        status = response.get(\"status\", None)\n        if not status or status == ErrorCode.SUCCESS:\n            return\n        value = None\n        message = response.get(\"message\", \"\")\n        screen: str = response.get(\"screen\", \"\")\n        stacktrace = None\n        if isinstance(status, int):\n            value_json = response.get(\"value\", None)\n            if value_json and isinstance(value_json, str):\n                import json\n    \n                try:\n                    value = json.loads(value_json)\n                    if len(value) == 1:\n                        value = value[\"value\"]\n                    status = value.get(\"error\", None)\n                    if not status:\n                        status = value.get(\"status\", ErrorCode.UNKNOWN_ERROR)\n                        message = value.get(\"value\") or value.get(\"message\")\n                        if not isinstance(message, str):\n                            value = message\n                            message = message.get(\"message\")\n                    else:\n                        message = value.get(\"message\", None)\n                except ValueError:\n                    pass\n    \n        exception_class: Type[WebDriverException]\n        e = ErrorCode()\n        error_codes = [item for item in dir(e) if not item.startswith(\"__\")]\n        for error_code in error_codes:\n            error_info = getattr(ErrorCode, error_code)\n            if isinstance(error_info, list) and status in error_info:\n                exception_class = getattr(ExceptionMapping, error_code, WebDriverException)\n                break\n        else:\n            exception_class = WebDriverException\n    \n        if not value:\n            value = response[\"value\"]\n        if isinstance(value, str):\n            raise exception_class(value)\n        if message == \"\" and \"message\" in value:\n            message = value[\"message\"]\n    \n        screen = None  # type: ignore[assignment]\n        if \"screen\" in value:\n            screen = value[\"screen\"]\n    \n        stacktrace = None\n        st_value = value.get(\"stackTrace\") or value.get(\"stacktrace\")\n        if st_value:\n            if isinstance(st_value, str):\n                stacktrace = st_value.split(\"\\n\")\n            else:\n                stacktrace = []\n                try:\n                    for frame in st_value:\n                        line = frame.get(\"lineNumber\", \"\")\n                        file = frame.get(\"fileName\", \"<anonymous>\")\n                        if line:\n                            file = f\"{file}:{line}\"\n                        meth = frame.get(\"methodName\", \"<anonymous>\")\n                        if \"className\" in frame:\n                            meth = f\"{frame['className']}.{meth}\"\n                        msg = \"    at %s (%s)\"\n                        msg = msg % (meth, file)\n                        stacktrace.append(msg)\n                except TypeError:\n                    pass\n        if exception_class == UnexpectedAlertPresentException:\n            alert_text = None\n            if \"data\" in value:\n                alert_text = value[\"data\"].get(\"text\")\n            elif \"alert\" in value:\n                alert_text = value[\"alert\"].get(\"text\")\n            raise exception_class(message, screen, stacktrace, alert_text)  # type: ignore[call-arg]  # mypy is not smart enough here\n>       raise exception_class(message, screen, stacktrace)\nE       selenium.common.exceptions.NoSuchElementException: Message: no such element: Unable to locate element: {\"method\":\"xpath\",\"selector\":\"//button[@data-testid='confirm-dialog-button-yes']\"}\nE         (Session info: chrome=140.0.7339.133); For documentation on this error, please visit: https://www.selenium.dev/documentation/webdriver/troubleshooting/errors#no-such-element-exception\nE       Stacktrace:\nE       0   chromedriver                        0x0000000100b27674 cxxbridge1$str$ptr + 2882776\nE       1   chromedriver                        0x0000000100b1f5a0 cxxbridge1$str$ptr + 2849796\nE       2   chromedriver                        0x00000001006490dc _RNvCslE4myv9Sbr3_7___rustc35___rust_no_alloc_shim_is_unstable_v2 + 73436\nE       3   chromedriver                        0x0000000100690474 _RNvCslE4myv9Sbr3_7___rustc35___rust_no_alloc_shim_is_unstable_v2 + 365172\nE       4   chromedriver                        0x00000001006d166c _RNvCslE4myv9Sbr3_7___rustc35___rust_no_alloc_shim_is_unstable_v2 + 631916\nE       5   chromedriver                        0x0000000100684130 _RNvCslE4myv9Sbr3_7___rustc35___rust_no_alloc_shim_is_unstable_v2 + 315184\nE       6   chromedriver                        0x0000000100aebba4 cxxbridge1$str$ptr + 2638344\nE       7   chromedriver                        0x0000000100aeedbc cxxbridge1$str$ptr + 2651168\nE       8   chromedriver                        0x0000000100acc640 cxxbridge1$str$ptr + 2509988\nE       9   chromedriver                        0x0000000100aef668 cxxbridge1$str$ptr + 2653388\nE       10  chromedriver                        0x0000000100abdddc cxxbridge1$str$ptr + 2450496\nE       11  chromedriver                        0x0000000100b0eef0 cxxbridge1$str$ptr + 2782548\nE       12  chromedriver                        0x0000000100b0f070 cxxbridge1$str$ptr + 2782932\nE       13  chromedriver                        0x0000000100b1f1ec cxxbridge1$str$ptr + 2848848\nE       14  libsystem_pthread.dylib             0x000000018f6ffc0c _pthread_start + 136\nE       15  libsystem_pthread.dylib             0x000000018f6fab80 thread_start + 8\n\n/Library/Frameworks/Python.framework/Versions/3.13/lib/python3.13/site-packages/selenium/webdriver/remote/errorhandler.py:232: NoSuchElementException","flaky":false,"newFailed":false,"newBroken":false,"newPassed":false,"retriesCount":0,"retriesStatusChange":false,"beforeStages":[{"name":"_session_faker","time":{"start":1757984594159,"stop":1757984594234,"duration":75},"status":"passed","steps":[],"attachments":[],"parameters":[],"shouldDisplayMessage":false,"attachmentsCount":0,"stepsCount":0,"hasContent":false,"attachmentStep":false},{"name":"web_driver","time":{"start":1757984594234,"stop":1757984595115,"duration":881},"status":"passed","steps":[],"attachments":[],"parameters":[],"shouldDisplayMessage":false,"attachmentsCount":0,"stepsCount":0,"hasContent":false,"attachmentStep":false},{"name":"user_login","time":{"start":1757984595115,"stop":1757984610037,"duration":14922},"status":"passed","steps":[],"attachments":[],"parameters":[],"shouldDisplayMessage":false,"attachmentsCount":0,"stepsCount":0,"hasContent":false,"attachmentStep":false},{"name":"refresh_url","time":{"start":1757984945203,"stop":1757984945203,"duration":0},"status":"passed","steps":[],"attachments":[],"parameters":[],"shouldDisplayMessage":false,"attachmentsCount":0,"stepsCount":0,"hasContent":false,"attachmentStep":false}],"testStage":{"status":"broken","statusMessage":"selenium.common.exceptions.NoSuchElementException: Message: no such element: Unable to locate element: {\"method\":\"xpath\",\"selector\":\"//button[@data-testid='confirm-dialog-button-yes']\"}\n  (Session info: chrome=140.0.7339.133); For documentation on this error, please visit: https://www.selenium.dev/documentation/webdriver/troubleshooting/errors#no-such-element-exception\nStacktrace:\n0   chromedriver                        0x0000000100b27674 cxxbridge1$str$ptr + 2882776\n1   chromedriver                        0x0000000100b1f5a0 cxxbridge1$str$ptr + 2849796\n2   chromedriver                        0x00000001006490dc _RNvCslE4myv9Sbr3_7___rustc35___rust_no_alloc_shim_is_unstable_v2 + 73436\n3   chromedriver                        0x0000000100690474 _RNvCslE4myv9Sbr3_7___rustc35___rust_no_alloc_shim_is_unstable_v2 + 365172\n4   chromedriver                        0x00000001006d166c _RNvCslE4myv9Sbr3_7___rustc35___rust_no_alloc_shim_is_unstable_v2 + 631916\n5   chromedriver                        0x0000000100684130 _RNvCslE4myv9Sbr3_7___rustc35___rust_no_alloc_shim_is_unstable_v2 + 315184\n6   chromedriver                        0x0000000100aebba4 cxxbridge1$str$ptr + 2638344\n7   chromedriver                        0x0000000100aeedbc cxxbridge1$str$ptr + 2651168\n8   chromedriver                        0x0000000100acc640 cxxbridge1$str$ptr + 2509988\n9   chromedriver                        0x0000000100aef668 cxxbridge1$str$ptr + 2653388\n10  chromedriver                        0x0000000100abdddc cxxbridge1$str$ptr + 2450496\n11  chromedriver                        0x0000000100b0eef0 cxxbridge1$str$ptr + 2782548\n12  chromedriver                        0x0000000100b0f070 cxxbridge1$str$ptr + 2782932\n13  chromedriver                        0x0000000100b1f1ec cxxbridge1$str$ptr + 2848848\n14  libsystem_pthread.dylib             0x000000018f6ffc0c _pthread_start + 136\n15  libsystem_pthread.dylib             0x000000018f6fab80 thread_start + 8","statusTrace":"self = <WEB.page.web_arrival_page.WebArrivalPage object at 0x10600d010>, locator = ('xpath', \"//button[@data-testid='confirm-dialog-button-yes']\"), dynamic_value = None, wait_loading = True\n\n    def click(self, locator, dynamic_value=None,wait_loading=True):\n        key, value = self.handle_locator(locator, dynamic_value)\n        try:\n>           element = WebDriverWait(self.driver, 5, self.poll_frequency).until(\n                EC.presence_of_element_located((LOCATE_MODE_WEB[key], value)))\n\nWEB/base/basepage.py:77: \n_ _ _ _ _ _ _ _ _ _ _ _ _ _ _ _ _ _ _ _ _ _ _ _ _ _ _ _ _ _ _ _ _ _ _ _ _ _ _ _ _ _ _ _ _ _ _ _ _ _ _ _ _ _ _ _ _ _ _ _ _ _ _ _ _ _ _ _ _ _ _ _ _ _ _ _ _ _ _ _ _ _ _ _ _ _ _ _ _ _ _ _ _ _ _ _ _ _ _ _ _ _ _ _ _ _ _ _ _ _ _\n\nself = <selenium.webdriver.support.wait.WebDriverWait (session=\"b2bf42c9236d3c2ce998fbce5fee2548\")>, method = <function presence_of_element_located.<locals>._predicate at 0x1060f5f80>, message = ''\n\n    def until(self, method: Callable[[D], Union[Literal[False], T]], message: str = \"\") -> T:\n        \"\"\"Wait until the method returns a value that is not False.\n    \n        Calls the method provided with the driver as an argument until the\n        return value does not evaluate to ``False``.\n    \n        Parameters:\n        -----------\n        method: callable(WebDriver)\n            - A callable object that takes a WebDriver instance as an argument.\n    \n        message: str\n            - Optional message for :exc:`TimeoutException`\n    \n        Return:\n        -------\n        object: T\n            - The result of the last call to `method`\n    \n        Raises:\n        -------\n        TimeoutException\n            - If 'method' does not return a truthy value within the WebDriverWait\n            object's timeout\n    \n        Example:\n        --------\n        >>> from selenium.webdriver.common.by import By\n        >>> from selenium.webdriver.support.ui import WebDriverWait\n        >>> from selenium.webdriver.support import expected_conditions as EC\n    \n        # Wait until an element is visible on the page\n        >>> wait = WebDriverWait(driver, 10)\n        >>> element = wait.until(EC.visibility_of_element_located((By.ID, \"exampleId\")))\n        >>> print(element.text)\n        \"\"\"\n        screen = None\n        stacktrace = None\n    \n        end_time = time.monotonic() + self._timeout\n        while True:\n            try:\n                value = method(self._driver)\n                if value:\n                    return value\n            except self._ignored_exceptions as exc:\n                screen = getattr(exc, \"screen\", None)\n                stacktrace = getattr(exc, \"stacktrace\", None)\n            if time.monotonic() > end_time:\n                break\n            time.sleep(self._poll)\n>       raise TimeoutException(message, screen, stacktrace)\nE       selenium.common.exceptions.TimeoutException: Message: \nE       Stacktrace:\nE       0   chromedriver                        0x0000000100b27674 cxxbridge1$str$ptr + 2882776\nE       1   chromedriver                        0x0000000100b1f5a0 cxxbridge1$str$ptr + 2849796\nE       2   chromedriver                        0x00000001006490dc _RNvCslE4myv9Sbr3_7___rustc35___rust_no_alloc_shim_is_unstable_v2 + 73436\nE       3   chromedriver                        0x0000000100690474 _RNvCslE4myv9Sbr3_7___rustc35___rust_no_alloc_shim_is_unstable_v2 + 365172\nE       4   chromedriver                        0x00000001006d166c _RNvCslE4myv9Sbr3_7___rustc35___rust_no_alloc_shim_is_unstable_v2 + 631916\nE       5   chromedriver                        0x0000000100684130 _RNvCslE4myv9Sbr3_7___rustc35___rust_no_alloc_shim_is_unstable_v2 + 315184\nE       6   chromedriver                        0x0000000100aebba4 cxxbridge1$str$ptr + 2638344\nE       7   chromedriver                        0x0000000100aeedbc cxxbridge1$str$ptr + 2651168\nE       8   chromedriver                        0x0000000100acc640 cxxbridge1$str$ptr + 2509988\nE       9   chromedriver                        0x0000000100aef668 cxxbridge1$str$ptr + 2653388\nE       10  chromedriver                        0x0000000100abdddc cxxbridge1$str$ptr + 2450496\nE       11  chromedriver                        0x0000000100b0eef0 cxxbridge1$str$ptr + 2782548\nE       12  chromedriver                        0x0000000100b0f070 cxxbridge1$str$ptr + 2782932\nE       13  chromedriver                        0x0000000100b1f1ec cxxbridge1$str$ptr + 2848848\nE       14  libsystem_pthread.dylib             0x000000018f6ffc0c _pthread_start + 136\nE       15  libsystem_pthread.dylib             0x000000018f6fab80 thread_start + 8\n\n/Library/Frameworks/Python.framework/Versions/3.13/lib/python3.13/site-packages/selenium/webdriver/support/wait.py:138: TimeoutException\n\nDuring handling of the above exception, another exception occurred:\n\nself = <WEB.testcase.test_web_arrival.TestWebArrival object at 0x105cb8c50>, web_driver = <selenium.webdriver.chrome.webdriver.WebDriver (session=\"b2bf42c9236d3c2ce998fbce5fee2548\")>\n\n    @allure.story(\"web_arrival_cancel_trunk_line\")\n    def test_27_cancel_shuttle_regular_past_date(self, web_driver):\n        arrival_page = WebArrivalPage(web_driver)\n        arrival_page.input_org_id(\"流山\")\n        arrival_page.input_op_date(arrival_page.get_date_with_offset(offset=-1))\n        trunkname = 'at@can_sr'\n        arrival_page.input_trunk_name(trunkname)\n        arrival_page.click_search()\n        trunk_id = DataConstruction.get_trunk_id_by_name(trunkname)\n>       arrival_page.cancel_trunk(trunk_id=trunk_id)\n\nWEB/testcase/test_web_arrival.py:316: \n_ _ _ _ _ _ _ _ _ _ _ _ _ _ _ _ _ _ _ _ _ _ _ _ _ _ _ _ _ _ _ _ _ _ _ _ _ _ _ _ _ _ _ _ _ _ _ _ _ _ _ _ _ _ _ _ _ _ _ _ _ _ _ _ _ _ _ _ _ _ _ _ _ _ _ _ _ _ _ _ _ _ _ _ _ _ _ _ _ _ _ _ _ _ _ _ _ _ _ _ _ _ _ _ _ _ _ _ _ _ _\nWEB/page/web_arrival_page.py:172: in cancel_trunk\n    self.handle_cancel_popup(Yes=True)\nWEB/page/web_arrival_page.py:176: in handle_cancel_popup\n    self.click(search['YesButtonInAlert'],None)\nWEB/base/basepage.py:83: in click\n    self.driver.find_element(LOCATE_MODE_WEB[key], value))\n/Library/Frameworks/Python.framework/Versions/3.13/lib/python3.13/site-packages/selenium/webdriver/remote/webdriver.py:914: in find_element\n    return self.execute(Command.FIND_ELEMENT, {\"using\": by, \"value\": value})[\"value\"]\n/Library/Frameworks/Python.framework/Versions/3.13/lib/python3.13/site-packages/selenium/webdriver/remote/webdriver.py:447: in execute\n    self.error_handler.check_response(response)\n_ _ _ _ _ _ _ _ _ _ _ _ _ _ _ _ _ _ _ _ _ _ _ _ _ _ _ _ _ _ _ _ _ _ _ _ _ _ _ _ _ _ _ _ _ _ _ _ _ _ _ _ _ _ _ _ _ _ _ _ _ _ _ _ _ _ _ _ _ _ _ _ _ _ _ _ _ _ _ _ _ _ _ _ _ _ _ _ _ _ _ _ _ _ _ _ _ _ _ _ _ _ _ _ _ _ _ _ _ _ _\n\nself = <selenium.webdriver.remote.errorhandler.ErrorHandler object at 0x105fb4830>\nresponse = {'status': 404, 'value': '{\"value\":{\"error\":\"no such element\",\"message\":\"no such element: Unable to locate element: {\\...00018f6ffc0c _pthread_start + 136\\\\n15  libsystem_pthread.dylib             0x000000018f6fab80 thread_start + 8\\\\n\"}}'}\n\n    def check_response(self, response: Dict[str, Any]) -> None:\n        \"\"\"Checks that a JSON response from the WebDriver does not have an\n        error.\n    \n        :Args:\n         - response - The JSON response from the WebDriver server as a dictionary\n           object.\n    \n        :Raises: If the response contains an error message.\n        \"\"\"\n        status = response.get(\"status\", None)\n        if not status or status == ErrorCode.SUCCESS:\n            return\n        value = None\n        message = response.get(\"message\", \"\")\n        screen: str = response.get(\"screen\", \"\")\n        stacktrace = None\n        if isinstance(status, int):\n            value_json = response.get(\"value\", None)\n            if value_json and isinstance(value_json, str):\n                import json\n    \n                try:\n                    value = json.loads(value_json)\n                    if len(value) == 1:\n                        value = value[\"value\"]\n                    status = value.get(\"error\", None)\n                    if not status:\n                        status = value.get(\"status\", ErrorCode.UNKNOWN_ERROR)\n                        message = value.get(\"value\") or value.get(\"message\")\n                        if not isinstance(message, str):\n                            value = message\n                            message = message.get(\"message\")\n                    else:\n                        message = value.get(\"message\", None)\n                except ValueError:\n                    pass\n    \n        exception_class: Type[WebDriverException]\n        e = ErrorCode()\n        error_codes = [item for item in dir(e) if not item.startswith(\"__\")]\n        for error_code in error_codes:\n            error_info = getattr(ErrorCode, error_code)\n            if isinstance(error_info, list) and status in error_info:\n                exception_class = getattr(ExceptionMapping, error_code, WebDriverException)\n                break\n        else:\n            exception_class = WebDriverException\n    \n        if not value:\n            value = response[\"value\"]\n        if isinstance(value, str):\n            raise exception_class(value)\n        if message == \"\" and \"message\" in value:\n            message = value[\"message\"]\n    \n        screen = None  # type: ignore[assignment]\n        if \"screen\" in value:\n            screen = value[\"screen\"]\n    \n        stacktrace = None\n        st_value = value.get(\"stackTrace\") or value.get(\"stacktrace\")\n        if st_value:\n            if isinstance(st_value, str):\n                stacktrace = st_value.split(\"\\n\")\n            else:\n                stacktrace = []\n                try:\n                    for frame in st_value:\n                        line = frame.get(\"lineNumber\", \"\")\n                        file = frame.get(\"fileName\", \"<anonymous>\")\n                        if line:\n                            file = f\"{file}:{line}\"\n                        meth = frame.get(\"methodName\", \"<anonymous>\")\n                        if \"className\" in frame:\n                            meth = f\"{frame['className']}.{meth}\"\n                        msg = \"    at %s (%s)\"\n                        msg = msg % (meth, file)\n                        stacktrace.append(msg)\n                except TypeError:\n                    pass\n        if exception_class == UnexpectedAlertPresentException:\n            alert_text = None\n            if \"data\" in value:\n                alert_text = value[\"data\"].get(\"text\")\n            elif \"alert\" in value:\n                alert_text = value[\"alert\"].get(\"text\")\n            raise exception_class(message, screen, stacktrace, alert_text)  # type: ignore[call-arg]  # mypy is not smart enough here\n>       raise exception_class(message, screen, stacktrace)\nE       selenium.common.exceptions.NoSuchElementException: Message: no such element: Unable to locate element: {\"method\":\"xpath\",\"selector\":\"//button[@data-testid='confirm-dialog-button-yes']\"}\nE         (Session info: chrome=140.0.7339.133); For documentation on this error, please visit: https://www.selenium.dev/documentation/webdriver/troubleshooting/errors#no-such-element-exception\nE       Stacktrace:\nE       0   chromedriver                        0x0000000100b27674 cxxbridge1$str$ptr + 2882776\nE       1   chromedriver                        0x0000000100b1f5a0 cxxbridge1$str$ptr + 2849796\nE       2   chromedriver                        0x00000001006490dc _RNvCslE4myv9Sbr3_7___rustc35___rust_no_alloc_shim_is_unstable_v2 + 73436\nE       3   chromedriver                        0x0000000100690474 _RNvCslE4myv9Sbr3_7___rustc35___rust_no_alloc_shim_is_unstable_v2 + 365172\nE       4   chromedriver                        0x00000001006d166c _RNvCslE4myv9Sbr3_7___rustc35___rust_no_alloc_shim_is_unstable_v2 + 631916\nE       5   chromedriver                        0x0000000100684130 _RNvCslE4myv9Sbr3_7___rustc35___rust_no_alloc_shim_is_unstable_v2 + 315184\nE       6   chromedriver                        0x0000000100aebba4 cxxbridge1$str$ptr + 2638344\nE       7   chromedriver                        0x0000000100aeedbc cxxbridge1$str$ptr + 2651168\nE       8   chromedriver                        0x0000000100acc640 cxxbridge1$str$ptr + 2509988\nE       9   chromedriver                        0x0000000100aef668 cxxbridge1$str$ptr + 2653388\nE       10  chromedriver                        0x0000000100abdddc cxxbridge1$str$ptr + 2450496\nE       11  chromedriver                        0x0000000100b0eef0 cxxbridge1$str$ptr + 2782548\nE       12  chromedriver                        0x0000000100b0f070 cxxbridge1$str$ptr + 2782932\nE       13  chromedriver                        0x0000000100b1f1ec cxxbridge1$str$ptr + 2848848\nE       14  libsystem_pthread.dylib             0x000000018f6ffc0c _pthread_start + 136\nE       15  libsystem_pthread.dylib             0x000000018f6fab80 thread_start + 8\n\n/Library/Frameworks/Python.framework/Versions/3.13/lib/python3.13/site-packages/selenium/webdriver/remote/errorhandler.py:232: NoSuchElementException","steps":[],"attachments":[{"uid":"48a361686fd1d168","name":"log","source":"48a361686fd1d168.txt","type":"text/plain","size":82434},{"uid":"a352189496ba2bdc","name":"stderr","source":"a352189496ba2bdc.txt","type":"text/plain","size":8848}],"parameters":[],"shouldDisplayMessage":true,"attachmentsCount":2,"stepsCount":0,"hasContent":true,"attachmentStep":false},"afterStages":[{"name":"refresh_url::0","time":{"start":1757984960161,"stop":1757984970032,"duration":9871},"status":"passed","steps":[],"attachments":[],"parameters":[],"shouldDisplayMessage":false,"attachmentsCount":0,"stepsCount":0,"hasContent":false,"attachmentStep":false},{"name":"user_login::0","time":{"start":1757985377504,"stop":1757985377504,"duration":0},"status":"passed","steps":[],"attachments":[],"parameters":[],"shouldDisplayMessage":false,"attachmentsCount":0,"stepsCount":0,"hasContent":false,"attachmentStep":false},{"name":"web_driver::0","time":{"start":1757985377505,"stop":1757985377706,"duration":201},"status":"passed","steps":[],"attachments":[],"parameters":[],"shouldDisplayMessage":false,"attachmentsCount":0,"stepsCount":0,"hasContent":false,"attachmentStep":false}],"labels":[{"name":"story","value":"web_arrival_cancel_trunk_line"},{"name":"feature","value":"web_arrival"},{"name":"tag","value":"web_arrival"},{"name":"tag","value":"web"},{"name":"parentSuite","value":"WEB.testcase"},{"name":"suite","value":"test_web_arrival"},{"name":"subSuite","value":"TestWebArrival"},{"name":"host","value":"CN-GFHKQMMVFG"},{"name":"thread","value":"50837-MainThread"},{"name":"framework","value":"pytest"},{"name":"language","value":"cpython3"},{"name":"package","value":"WEB.testcase.test_web_arrival"},{"name":"resultFormat","value":"allure2"}],"parameters":[],"links":[],"hidden":false,"retry":false,"extra":{"severity":"normal","retries":[],"categories":[{"name":"Test defects","matchedStatuses":[]}],"tags":["web","web_arrival"]},"source":"41868ea1e39c400.json","parameterValues":[]}